2025-05-07 09:34:41 - PRE-ORDER: User ID: 2
Email: dangkhoanguyenphuc0409@gmail.com
Fullname: Nguyễn Phúc Đăng Khoa
2025-05-07 09:34:41 - INSERT DATA: Attempting to insert order with user_id: 2
Name: Nguyễn Phúc Đăng Khoa
Total: 850000
2025-05-07 09:34:41 - ORDER CREATED: Created order ID: 11
2025-05-07 09:34:41 - TRANSACTION COMPLETED
2025-05-09 06:24:20 - PRE-ORDER: User ID: 2
Email: dangkhoanguyenphuc0409@gmail.com
Fullname: Nguyễn Phúc Đăng Khoa
2025-05-09 06:24:20 - INSERT DATA: Attempting to insert order with user_id: 2
Name: Nguyễn Phúc Đăng Khoa
Total: 350000
2025-05-09 06:24:20 - ERROR: Unknown column 'created_at' in 'field list'
2025-05-09 06:24:30 - PRE-ORDER: User ID: 2
Email: dangkhoanguyenphuc0409@gmail.com
Fullname: Nguyễn Phúc Đăng Khoa
2025-05-09 06:24:30 - INSERT DATA: Attempting to insert order with user_id: 2
Name: Nguyễn Phúc Đăng Khoa
Total: 350000
2025-05-09 06:24:30 - ERROR: Unknown column 'created_at' in 'field list'
2025-05-09 06:25:47 - PRE-ORDER: User ID: 2
Email: dangkhoanguyenphuc0409@gmail.com
Fullname: Nguyễn Phúc Đăng Khoa
2025-05-09 06:25:47 - INSERT DATA: Attempting to insert order with user_id: 2
Name: Nguyễn Phúc Đăng Khoa
Total: 350000
2025-05-09 06:26:19 - PRE-ORDER: User ID: 2
Email: dangkhoanguyenphuc0409@gmail.com
Fullname: Nguyễn Phúc Đăng Khoa
2025-05-09 06:26:19 - INSERT DATA: Attempting to insert order with user_id: 2
Name: Nguyễn Phúc Đăng Khoa
Total: 350000
2025-05-09 06:26:19 - ORDER CREATED: Created order ID: 12
2025-05-09 06:26:19 - TRANSACTION COMPLETED
2025-05-09 06:26:19 - VERIFICATION: Verified order exists - ID: 12 | User ID: 2 | Total: 350000.00
2025-05-11 13:30:28 - PRE-ORDER: User ID: 3
Email: ahehehihihahahuhu123@gmail.com
Fullname: le hieu
2025-05-11 13:30:28 - INSERT DATA: Attempting to insert order with user_id: 3
Name: le hieu
Total: 700000
2025-05-11 13:30:28 - ORDER CREATED: Created order ID: 13
2025-05-11 13:30:28 - TRANSACTION COMPLETED
2025-05-11 13:30:28 - VERIFICATION: Verified order exists - ID: 13 | User ID: 3 | Total: 700000.00
2025-05-12 04:53:39 - PRE-ORDER: User ID: 3
Email: ahehehihihahahuhu123@gmail.com
Fullname: le hieu
2025-05-12 04:53:39 - INSERT DATA: Attempting to insert order with user_id: 3
Name: le hieu
Total: 1050000
2025-05-12 04:53:39 - ORDER CREATED: Created order ID: 13
2025-05-12 04:53:39 - TRANSACTION COMPLETED
2025-05-12 04:53:39 - VERIFICATION: Verified order exists - ID: 13 | User ID: 3 | Total: 1050000.00
2025-05-12 09:11:09 - PRE-ORDER: User ID: 3
Email: ahehehihihahahuhu123@gmail.com
Fullname: le hieu
2025-05-12 09:11:09 - INSERT DATA: Attempting to insert order with user_id: 3
Name: le hieu
Total: 1050000
2025-05-12 09:11:09 - ORDER CREATED: Created order ID: 13
2025-05-12 09:11:09 - TRANSACTION COMPLETED
2025-05-12 09:11:09 - VERIFICATION: Verified order exists - ID: 13 | User ID: 3 | Total: 1050000.00
2025-05-12 09:35:43 - PRE-ORDER: User ID: 2
Email: dangkhoanguyenphuc0409@gmail.com
Fullname: Nguyễn Phúc Đăng Khoa
2025-05-12 09:35:43 - INSERT DATA: Attempting to insert order with user_id: 2
Name: Nguyễn Phúc Đăng Khoa
Total: 600000
2025-05-12 09:35:43 - ORDER CREATED: Created order ID: 13
2025-05-12 09:35:43 - TRANSACTION COMPLETED
2025-05-12 09:35:43 - VERIFICATION: Verified order exists - ID: 13 | User ID: 2 | Total: 600000.00
